<?xml version="1.0" encoding="UTF-8"?>
<!-- Generated by org.testng.reporters.JUnitReportReporter -->
<testsuite hostname="Haribhau" failures="0" tests="3" name="restTest.datap" time="0.108" errors="0" timestamp="2023-07-24T11:29:30 IST" skipped="0">
  <testcase classname="restTest.datap" name="logintest" time="0.007"/>
  <system-out/>
  <testcase classname="restTest.datap" name="logintest" time="0.096"/>
  <system-out/>
  <testcase classname="restTest.datap" name="logintest" time="0.005"/>
  <system-out/>
</testsuite> <!-- restTest.datap -->
